Determining if the pthread_create exist failed with the following output:
Change Dir: /home/tim/Desktop/Kinect-Based-Sound-Localization/KBSL/build/CMakeFiles/CMakeTmp

Run Build Command:"/usr/bin/make" "cmTC_139bb/fast"
make[1]: Entering directory '/home/tim/Desktop/Kinect-Based-Sound-Localization/KBSL/build/CMakeFiles/CMakeTmp'
/usr/bin/make -f CMakeFiles/cmTC_139bb.dir/build.make CMakeFiles/cmTC_139bb.dir/build
make[2]: Entering directory '/home/tim/Desktop/Kinect-Based-Sound-Localization/KBSL/build/CMakeFiles/CMakeTmp'
Building C object CMakeFiles/cmTC_139bb.dir/CheckSymbolExists.c.o
/usr/bin/cc     -o CMakeFiles/cmTC_139bb.dir/CheckSymbolExists.c.o   -c /home/tim/Desktop/Kinect-Based-Sound-Localization/KBSL/build/CMakeFiles/CMakeTmp/CheckSymbolExists.c
Linking C executable cmTC_139bb
/usr/bin/cmake -E cmake_link_script CMakeFiles/cmTC_139bb.dir/link.txt --verbose=1
/usr/bin/cc       CMakeFiles/cmTC_139bb.dir/CheckSymbolExists.c.o  -o cmTC_139bb -rdynamic 
CMakeFiles/cmTC_139bb.dir/CheckSymbolExists.c.o: In function `main':
CheckSymbolExists.c:(.text+0x16): undefined reference to `pthread_create'
collect2: error: ld returned 1 exit status
CMakeFiles/cmTC_139bb.dir/build.make:97: recipe for target 'cmTC_139bb' failed
make[2]: *** [cmTC_139bb] Error 1
make[2]: Leaving directory '/home/tim/Desktop/Kinect-Based-Sound-Localization/KBSL/build/CMakeFiles/CMakeTmp'
Makefile:126: recipe for target 'cmTC_139bb/fast' failed
make[1]: *** [cmTC_139bb/fast] Error 2
make[1]: Leaving directory '/home/tim/Desktop/Kinect-Based-Sound-Localization/KBSL/build/CMakeFiles/CMakeTmp'

File /home/tim/Desktop/Kinect-Based-Sound-Localization/KBSL/build/CMakeFiles/CMakeTmp/CheckSymbolExists.c:
/* */
#include <pthread.h>

int main(int argc, char** argv)
{
  (void)argv;
#ifndef pthread_create
  return ((int*)(&pthread_create))[argc];
#else
  (void)argc;
  return 0;
#endif
}

Determining if the function pthread_create exists in the pthreads failed with the following output:
Change Dir: /home/tim/Desktop/Kinect-Based-Sound-Localization/KBSL/build/CMakeFiles/CMakeTmp

Run Build Command:"/usr/bin/make" "cmTC_4b585/fast"
make[1]: Entering directory '/home/tim/Desktop/Kinect-Based-Sound-Localization/KBSL/build/CMakeFiles/CMakeTmp'
/usr/bin/make -f CMakeFiles/cmTC_4b585.dir/build.make CMakeFiles/cmTC_4b585.dir/build
make[2]: Entering directory '/home/tim/Desktop/Kinect-Based-Sound-Localization/KBSL/build/CMakeFiles/CMakeTmp'
Building C object CMakeFiles/cmTC_4b585.dir/CheckFunctionExists.c.o
/usr/bin/cc    -DCHECK_FUNCTION_EXISTS=pthread_create   -o CMakeFiles/cmTC_4b585.dir/CheckFunctionExists.c.o   -c /usr/share/cmake-3.5/Modules/CheckFunctionExists.c
Linking C executable cmTC_4b585
/usr/bin/cmake -E cmake_link_script CMakeFiles/cmTC_4b585.dir/link.txt --verbose=1
/usr/bin/cc   -DCHECK_FUNCTION_EXISTS=pthread_create    CMakeFiles/cmTC_4b585.dir/CheckFunctionExists.c.o  -o cmTC_4b585 -rdynamic -lpthreads 
/usr/bin/ld: cannot find -lpthreads
collect2: error: ld returned 1 exit status
CMakeFiles/cmTC_4b585.dir/build.make:97: recipe for target 'cmTC_4b585' failed
make[2]: *** [cmTC_4b585] Error 1
make[2]: Leaving directory '/home/tim/Desktop/Kinect-Based-Sound-Localization/KBSL/build/CMakeFiles/CMakeTmp'
Makefile:126: recipe for target 'cmTC_4b585/fast' failed
make[1]: *** [cmTC_4b585/fast] Error 2
make[1]: Leaving directory '/home/tim/Desktop/Kinect-Based-Sound-Localization/KBSL/build/CMakeFiles/CMakeTmp'


